Running in Lattice mode


Starting:    C:\lscc\iCEcube2.2020.12\synpbase\bin64\mbin\synbatch.exe
Install:     C:\lscc\iCEcube2.2020.12\synpbase
Hostname:    DESKTOP-HAH3BBV
Date:        Sat Jan 11 14:11:34 2025
Version:     L-2016.09L+ice40

Arguments:   -product synplify_pro -batch MMU_syn.prj
ProductType: synplify_pro





log file: "C:\dev\Apple_IIe_MMU_3V3\firmware\MMU_Project\MMU_Implmnt\MMU.srr"
Running: MMU_Implmnt in foreground

Running MMU_syn|MMU_Implmnt

Running: compile (Compile) on MMU_syn|MMU_Implmnt
# Sat Jan 11 14:11:34 2025

Running: compile_flow (Compile Process) on MMU_syn|MMU_Implmnt
# Sat Jan 11 14:11:34 2025

Running: compiler (Compile Input) on MMU_syn|MMU_Implmnt
# Sat Jan 11 14:11:34 2025
Copied C:\dev\Apple_IIe_MMU_3V3\firmware\MMU_Project\MMU_Implmnt\synwork\MMU_comp.srs to C:\dev\Apple_IIe_MMU_3V3\firmware\MMU_Project\MMU_Implmnt\MMU.srs

compiler completed
# Sat Jan 11 14:11:35 2025

Return Code: 0
Run Time:00h:00m:01s

Running: multi_srs_gen (Multi-srs Generator) on MMU_syn|MMU_Implmnt
# Sat Jan 11 14:11:35 2025

multi_srs_gen completed
# Sat Jan 11 14:11:35 2025

Return Code: 0
Run Time:00h:00m:00s
Copied C:\dev\Apple_IIe_MMU_3V3\firmware\MMU_Project\MMU_Implmnt\synwork\MMU_mult.srs to C:\dev\Apple_IIe_MMU_3V3\firmware\MMU_Project\MMU_Implmnt\MMU.srs
Complete: Compile Process on MMU_syn|MMU_Implmnt

Running: premap (Pre-mapping) on MMU_syn|MMU_Implmnt
# Sat Jan 11 14:11:35 2025

premap completed with warnings
# Sat Jan 11 14:11:36 2025

Return Code: 1
Run Time:00h:00m:01s
Complete: Compile on MMU_syn|MMU_Implmnt

Running: map (Map) on MMU_syn|MMU_Implmnt
# Sat Jan 11 14:11:36 2025
License granted for 4 parallel jobs

Running: fpga_mapper (Map & Optimize) on MMU_syn|MMU_Implmnt
# Sat Jan 11 14:11:36 2025
Copied C:\dev\Apple_IIe_MMU_3V3\firmware\MMU_Project\MMU_Implmnt\synwork\MMU_m.srm to C:\dev\Apple_IIe_MMU_3V3\firmware\MMU_Project\MMU_Implmnt\MMU.srm

fpga_mapper completed with warnings
# Sat Jan 11 14:11:36 2025

Return Code: 1
Run Time:00h:00m:00s
Complete: Map on MMU_syn|MMU_Implmnt
Complete: Logic Synthesis on MMU_syn|MMU_Implmnt

exit status=0

exit status=0

