C:\lscc\iCEcube2.2020.12\synpbase\bin64\c_hdl.exe  -osyn  C:\dev\Apple_IIe_MMU_3V3\firmware\MMU_Project\MMU_Implmnt\synwork\MMU_comp.srs  -hdllog  C:\dev\Apple_IIe_MMU_3V3\firmware\MMU_Project\MMU_Implmnt\synlog\MMU_compiler.srr  -encrypt  -mp  4  -verification_mode 0  -vhdl  -prodtype  synplify_pro  -primux -fixsmult -infer_seqShift -ice -sdff_counter -nram -divnmod  -encrypt  -pro  -dmgen  C:\dev\Apple_IIe_MMU_3V3\firmware\MMU_Project\MMU_Implmnt\dm  -lite -ui -fid2 -ram -sharing on -ll 2000 -autosm  -ignore_undefined_lib  -lib work C:\dev\Apple_IIe_MMU_3V3\firmware\sources\TTL\LATCH_9334.vhdl -lib work C:\dev\Apple_IIe_MMU_3V3\firmware\sources\TTL\LS138.vhdl -lib work C:\dev\Apple_IIe_MMU_3V3\firmware\sources\MMU\DEV_DECODER.vhdl -lib work C:\dev\Apple_IIe_MMU_3V3\firmware\sources\MMU\MMU_ADDR_DECODER.vhdl -lib work C:\dev\Apple_IIe_MMU_3V3\firmware\sources\MMU\MMU_CASEN.vhdl -lib work C:\dev\Apple_IIe_MMU_3V3\firmware\sources\MMU\MMU_CXXXOUT.vhdl -lib work C:\dev\Apple_IIe_MMU_3V3\firmware\sources\MMU\MMU_EN80.vhdl -lib work C:\dev\Apple_IIe_MMU_3V3\firmware\sources\MMU\MMU_INTERNALS.vhdl -lib work C:\dev\Apple_IIe_MMU_3V3\firmware\sources\MMU\MMU_KBD.vhdl -lib work C:\dev\Apple_IIe_MMU_3V3\firmware\sources\MMU\MMU_MD7.vhdl -lib work C:\dev\Apple_IIe_MMU_3V3\firmware\sources\MMU\MMU_MPON.vhdl -lib work C:\dev\Apple_IIe_MMU_3V3\firmware\sources\MMU\MMU_RA.vhdl -lib work C:\dev\Apple_IIe_MMU_3V3\firmware\sources\MMU\MMU_ROMEN.vhdl -lib work C:\dev\Apple_IIe_MMU_3V3\firmware\sources\MMU\MMU_RW245.vhdl -lib work C:\dev\Apple_IIe_MMU_3V3\firmware\sources\MMU\MMU_SELMB.vhdl -lib work C:\dev\Apple_IIe_MMU_3V3\firmware\sources\MMU\MMU_SOFT_SWITCHES_C08X.vhdl -lib work C:\dev\Apple_IIe_MMU_3V3\firmware\sources\COMMON\COMMON_INTERNALS.vhdl -lib work C:\dev\Apple_IIe_MMU_3V3\firmware\sources\COMMON\RA_MUX.vhdl -lib work C:\dev\Apple_IIe_MMU_3V3\firmware\sources\COMMON\SOFT_SWITCHES_C00X.vhdl -lib work C:\dev\Apple_IIe_MMU_3V3\firmware\sources\COMMON\SOFT_SWITCHES_C05X.vhdl -lib work C:\dev\Apple_IIe_MMU_3V3\firmware\sources\CUSTOM\DELAY_OSCILLATOR\VENDOR\LATTICE_iCE40\DELAY_OSCILLATOR.vhdl -lib work C:\dev\Apple_IIe_MMU_3V3\firmware\sources\CUSTOM\DRAM_HOLD_TIME\VENDOR\LATTICE_iCE40\DRAM_HOLD_TIME.vhdl -lib work C:\dev\Apple_IIe_MMU_3V3\firmware\sources\CUSTOM\MMU_HOLD_TIME\VENDOR\LATTICE_iCE40\MMU_HOLD_TIME.vhdl -lib work C:\dev\Apple_IIe_MMU_3V3\firmware\CUSTOM\MMU.vhdl 
rc:0 success:1 runtime:1
file:C:\dev\Apple_IIe_MMU_3V3\firmware\MMU_Project\MMU_Implmnt\synwork\MMU_comp.srs|io:o|time:1736622694|size:34506|exec:0
file:C:\dev\Apple_IIe_MMU_3V3\firmware\MMU_Project\MMU_Implmnt\synlog\MMU_compiler.srr|io:o|time:1736622694|size:15837|exec:0
file:C:\dev\Apple_IIe_MMU_3V3\firmware\sources\TTL\LATCH_9334.vhdl|io:i|time:1736395449|size:1961|exec:0
file:C:\dev\Apple_IIe_MMU_3V3\firmware\sources\TTL\LS138.vhdl|io:i|time:1736395449|size:1499|exec:0
file:C:\dev\Apple_IIe_MMU_3V3\firmware\sources\MMU\DEV_DECODER.vhdl|io:i|time:1736395449|size:1776|exec:0
file:C:\dev\Apple_IIe_MMU_3V3\firmware\sources\MMU\MMU_ADDR_DECODER.vhdl|io:i|time:1736395449|size:6071|exec:0
file:C:\dev\Apple_IIe_MMU_3V3\firmware\sources\MMU\MMU_CASEN.vhdl|io:i|time:1736395449|size:1958|exec:0
file:C:\dev\Apple_IIe_MMU_3V3\firmware\sources\MMU\MMU_CXXXOUT.vhdl|io:i|time:1736395449|size:1090|exec:0
file:C:\dev\Apple_IIe_MMU_3V3\firmware\sources\MMU\MMU_EN80.vhdl|io:i|time:1736395449|size:1360|exec:0
file:C:\dev\Apple_IIe_MMU_3V3\firmware\sources\MMU\MMU_INTERNALS.vhdl|io:i|time:1736395449|size:2292|exec:0
file:C:\dev\Apple_IIe_MMU_3V3\firmware\sources\MMU\MMU_KBD.vhdl|io:i|time:1736395449|size:993|exec:0
file:C:\dev\Apple_IIe_MMU_3V3\firmware\sources\MMU\MMU_MD7.vhdl|io:i|time:1736395449|size:2383|exec:0
file:C:\dev\Apple_IIe_MMU_3V3\firmware\sources\MMU\MMU_MPON.vhdl|io:i|time:1736395449|size:2028|exec:0
file:C:\dev\Apple_IIe_MMU_3V3\firmware\sources\MMU\MMU_RA.vhdl|io:i|time:1736477783|size:2787|exec:0
file:C:\dev\Apple_IIe_MMU_3V3\firmware\sources\MMU\MMU_ROMEN.vhdl|io:i|time:1736395449|size:1913|exec:0
file:C:\dev\Apple_IIe_MMU_3V3\firmware\sources\MMU\MMU_RW245.vhdl|io:i|time:1736395449|size:1800|exec:0
file:C:\dev\Apple_IIe_MMU_3V3\firmware\sources\MMU\MMU_SELMB.vhdl|io:i|time:1736395449|size:2984|exec:0
file:C:\dev\Apple_IIe_MMU_3V3\firmware\sources\MMU\MMU_SOFT_SWITCHES_C08X.vhdl|io:i|time:1736395449|size:3424|exec:0
file:C:\dev\Apple_IIe_MMU_3V3\firmware\sources\COMMON\COMMON_INTERNALS.vhdl|io:i|time:1736395449|size:2320|exec:0
file:C:\dev\Apple_IIe_MMU_3V3\firmware\sources\COMMON\RA_MUX.vhdl|io:i|time:1736477783|size:3771|exec:0
file:C:\dev\Apple_IIe_MMU_3V3\firmware\sources\COMMON\SOFT_SWITCHES_C00X.vhdl|io:i|time:1736395449|size:3020|exec:0
file:C:\dev\Apple_IIe_MMU_3V3\firmware\sources\COMMON\SOFT_SWITCHES_C05X.vhdl|io:i|time:1736395449|size:2882|exec:0
file:C:\dev\Apple_IIe_MMU_3V3\firmware\sources\CUSTOM\DELAY_OSCILLATOR\VENDOR\LATTICE_iCE40\DELAY_OSCILLATOR.vhdl|io:i|time:1736477783|size:1449|exec:0
file:C:\dev\Apple_IIe_MMU_3V3\firmware\sources\CUSTOM\DRAM_HOLD_TIME\VENDOR\LATTICE_iCE40\DRAM_HOLD_TIME.vhdl|io:i|time:1736477783|size:2453|exec:0
file:C:\dev\Apple_IIe_MMU_3V3\firmware\sources\CUSTOM\MMU_HOLD_TIME\VENDOR\LATTICE_iCE40\MMU_HOLD_TIME.vhdl|io:i|time:1736477783|size:1972|exec:0
file:C:\dev\Apple_IIe_MMU_3V3\firmware\CUSTOM\MMU.vhdl|io:i|time:1736622686|size:22821|exec:0
file:C:\lscc\iCEcube2.2020.12\synpbase\bin\c_hdl.exe|io:i|time:1731014823|size:1338368|exec:1
file:C:\lscc\iCEcube2.2020.12\synpbase\bin64\c_hdl.exe|io:i|time:1731014824|size:1754112|exec:1
