OUTPUT ORA[3] 	 location (17, 21, 0) 	 28 	 SB_LVCMOS
OUTPUT CXXXOUT 	 location (9, 21, 0) 	 43 	 SB_LVCMOS
INPUT  A[9] 	 location (15, 0, 0) 	 9 	 SB_LVCMOS
INOUT ROMEN1_N 	 location (6, 21, 0) 	 39 	 SB_LVCMOS
INPUT  A[0] 	 location (21, 0, 1) 	 19 	 SB_LVCMOS
INPUT  Q3 	 location (18, 0, 1) 	 21 	 SB_LVCMOS
OUTPUT ORA[1] 	 location (18, 21, 0) 	 26 	 SB_LVCMOS
INPUT  A[7] 	 location (17, 0, 0) 	 11 	 SB_LVCMOS
INPUT  A[14] 	 location (7, 0, 0) 	 48 	 SB_LVCMOS
INOUT R_W_N_245 	 location (4, 21, 0) 	 41 	 SB_LVCMOS
OUTPUT ROMEN2_N 	 location (8, 21, 1) 	 38 	 SB_LVCMOS
OUTPUT ORA[6] 	 location (13, 21, 1) 	 34 	 SB_LVCMOS
INPUT  A[6] 	 location (18, 0, 0) 	 12 	 SB_LVCMOS
INPUT  A[15] 	 location (6, 0, 0) 	 47 	 SB_LVCMOS
OUTPUT ORA[7] 	 location (12, 21, 1) 	 35 	 SB_LVCMOS
INPUT  A[5] 	 location (19, 0, 0) 	 13 	 SB_LVCMOS
INPUT  A[12] 	 location (9, 0, 1) 	 3 	 SB_LVCMOS
OUTPUT ORA[4] 	 location (16, 21, 1) 	 31 	 SB_LVCMOS
INPUT  INH_N 	 location (7, 0, 1) 	 45 	 SB_LVCMOS
OUTPUT EN80_N 	 location (9, 21, 1) 	 36 	 SB_LVCMOS
INPUT  A[4] 	 location (23, 0, 0) 	 14 	 SB_LVCMOS
INPUT  A[13] 	 location (8, 0, 0) 	 2 	 SB_LVCMOS
OUTPUT ORA[5] 	 location (16, 21, 0) 	 32 	 SB_LVCMOS
INPUT  DMA_N 	 location (5, 0, 0) 	 46 	 SB_LVCMOS
INPUT  A[3] 	 location (24, 0, 0) 	 15 	 SB_LVCMOS
INPUT  A[10] 	 location (13, 0, 1) 	 6 	 SB_LVCMOS
OUTPUT ORA[2] 	 location (18, 21, 1) 	 27 	 SB_LVCMOS
INOUT MD7 	 location (5, 21, 0) 	 40 	 SB_LVCMOS
OUTPUT CASEN_N 	 location (8, 21, 0) 	 42 	 SB_LVCMOS
INPUT  A[2] 	 location (23, 0, 1) 	 17 	 SB_LVCMOS
INPUT  A[11] 	 location (9, 0, 0) 	 4 	 SB_LVCMOS
OUTPUT KBD_N 	 location (13, 21, 0) 	 37 	 SB_LVCMOS
INPUT  A[1] 	 location (22, 0, 1) 	 18 	 SB_LVCMOS
INPUT  R_W_N 	 location (6, 0, 1) 	 44 	 SB_LVCMOS
INPUT  PRAS_N 	 location (19, 21, 0) 	 23 	 SB_LVCMOS
INPUT  PHI_0 	 location (19, 0, 1) 	 20 	 SB_LVCMOS
OUTPUT ORA[0] 	 location (19, 21, 1) 	 25 	 SB_LVCMOS
INPUT  A[8] 	 location (16, 0, 0) 	 10 	 SB_LVCMOS
